Performing C SOURCE FILE Test CMAKE_HAVE_LIBC_PTHREAD failed with the following output:
Change Dir: /home/cpsl/PX4-Autopilot/build/px4_sitl_default/CMakeFiles/CMakeTmp

Run Build Command(s):/bin/ninja cmTC_75bca && [1/2] Building C object CMakeFiles/cmTC_75bca.dir/src.c.o
[2/2] Linking C executable cmTC_75bca
FAILED: cmTC_75bca 
: && /bin/cc -DCMAKE_HAVE_LIBC_PTHREAD  -fuse-ld=gold   -Wl,--export-dynamic -rdynamic CMakeFiles/cmTC_75bca.dir/src.c.o  -o cmTC_75bca   && :
CMakeFiles/cmTC_75bca.dir/src.c.o:src.c:function main: error: undefined reference to 'pthread_create'
CMakeFiles/cmTC_75bca.dir/src.c.o:src.c:function main: error: undefined reference to 'pthread_detach'
CMakeFiles/cmTC_75bca.dir/src.c.o:src.c:function main: error: undefined reference to 'pthread_join'
collect2: error: ld returned 1 exit status
ninja: build stopped: subcommand failed.


Source file was:
#include <pthread.h>

void* test_func(void* data)
{
  return data;
}

int main(void)
{
  pthread_t thread;
  pthread_create(&thread, NULL, test_func, NULL);
  pthread_detach(thread);
  pthread_join(thread, NULL);
  pthread_atfork(NULL, NULL, NULL);
  pthread_exit(NULL);

  return 0;
}

Determining if the function pthread_create exists in the pthreads failed with the following output:
Change Dir: /home/cpsl/PX4-Autopilot/build/px4_sitl_default/CMakeFiles/CMakeTmp

Run Build Command(s):/bin/ninja cmTC_eacc9 && [1/2] Building C object CMakeFiles/cmTC_eacc9.dir/CheckFunctionExists.c.o
[2/2] Linking C executable cmTC_eacc9
FAILED: cmTC_eacc9 
: && /bin/cc -DCHECK_FUNCTION_EXISTS=pthread_create  -fuse-ld=gold   -Wl,--export-dynamic -rdynamic CMakeFiles/cmTC_eacc9.dir/CheckFunctionExists.c.o  -o cmTC_eacc9  -lpthreads && :
/bin/ld.gold: error: cannot find -lpthreads
CMakeFiles/cmTC_eacc9.dir/CheckFunctionExists.c.o:CheckFunctionExists.c:function main: error: undefined reference to 'pthread_create'
collect2: error: ld returned 1 exit status
ninja: build stopped: subcommand failed.



